2025-11-10 15:52:17,386 - netflix_scraper - ERROR - ❌ Error while closing browser: Browser.close: Connection closed while reading from the driver
2025-11-10 16:14:03,248 - netflix_scraper - ERROR - ❌ Timeout while clicking back button. Element not found or not clickable.
2025-11-10 16:14:35,088 - netflix_scraper - ERROR - ❌ Error while closing browser: Browser.close: Connection closed while reading from the driver
2025-11-10 17:04:58,450 - netflix_scraper - ERROR - ❌ Error while closing browser: Browser.close: Connection closed while reading from the driver
2025-11-11 14:24:47,264 - netflix_scraper - ERROR - ❌ Error while closing browser: Browser.close: Connection closed while reading from the driver
2025-11-11 14:27:43,335 - netflix_scraper - ERROR - ❌ Failed to download after 3 attempts: https://net51.cc/hls/80189599.m3u8?in=9c3958061961d24371d5e1a0aeffaaea::65d3f55590cb547e02b9d426f85a0bde::1762853238::kp
2025-11-11 14:27:44,209 - netflix_scraper - ERROR - ❌ An error occurred during execution: Video download failed for The End’s Beginning
2025-11-11 14:27:44,210 - netflix_scraper - ERROR - Traceback (most recent call last):
  File "/home/ali/Downloads/Netflix-scrapper/src/netflix_scraper/scraper.py", line 91, in execute_with_retry
    await self.run()
  File "/home/ali/Downloads/Netflix-scrapper/src/netflix_scraper/scraper.py", line 269, in run
    await self._download_and_merge_episode(episode_data, working_video, working_audio)
  File "/home/ali/Downloads/Netflix-scrapper/src/netflix_scraper/scraper.py", line 339, in _download_and_merge_episode
    raise Exception(f"Video download failed for {episode_data['title']}")
Exception: Video download failed for The End’s Beginning

2025-11-11 14:28:17,041 - netflix_scraper - ERROR - ❌ Error while closing browser: Browser.close: Connection closed while reading from the driver
2025-11-11 14:29:31,618 - netflix_scraper - ERROR - ❌ Timeout while navigating to home or waiting for searchTab. Authentication failed.
2025-11-11 14:29:32,418 - netflix_scraper - ERROR - ❌ An error occurred during execution: Failed to authenticate or bypass verification
2025-11-11 14:29:32,419 - netflix_scraper - ERROR - Traceback (most recent call last):
  File "/home/ali/Downloads/Netflix-scrapper/src/netflix_scraper/scraper.py", line 91, in execute_with_retry
    await self.run()
  File "/home/ali/Downloads/Netflix-scrapper/src/netflix_scraper/scraper.py", line 173, in run
    raise Exception("Failed to authenticate or bypass verification")
Exception: Failed to authenticate or bypass verification

2025-11-11 14:29:50,898 - netflix_scraper - ERROR - ❌ An unexpected error occurred during navigation or authentication: Page.goto: Target page, context or browser has been closed
Call log:
  - navigating to "https://net20.cc/home", waiting until "domcontentloaded"

2025-11-11 14:29:51,814 - netflix_scraper - ERROR - ❌ An error occurred during execution: Failed to authenticate or bypass verification
2025-11-11 14:29:51,814 - netflix_scraper - ERROR - Traceback (most recent call last):
  File "/home/ali/Downloads/Netflix-scrapper/src/netflix_scraper/scraper.py", line 91, in execute_with_retry
    await self.run()
  File "/home/ali/Downloads/Netflix-scrapper/src/netflix_scraper/scraper.py", line 173, in run
    raise Exception("Failed to authenticate or bypass verification")
Exception: Failed to authenticate or bypass verification

2025-11-13 15:59:11,039 - netflix_scraper - ERROR - ❌ An unexpected error occurred during navigation or authentication: Page.wait_for_selector: Target page, context or browser has been closed
